[2016-07-29 20:37:36.761] [INFO] app - Server started on port 8080
[2016-07-29 20:37:42.651] [INFO] app - Updating ratings.
[2016-07-29 20:38:49.135] [TRACE] app - Player Updated Webb, Matthew D 2225 ENG
[2016-07-29 20:40:10.511] [INFO] app - Server started on port 8080
[2016-07-29 20:40:11.907] [INFO] app - Updating ratings.
[2016-07-29 20:41:05.671] [INFO] app - Server started on port 8080
[2016-07-29 20:41:09.956] [INFO] app - Updating ratings.
[2016-07-29 20:41:11.377] [INFO] app - Updating ratings.
[2016-07-29 20:43:11.402] [INFO] app - Updating ratings.
[2016-07-29 20:43:31.921] [TRACE] app - Player Updated Webb, Matthew D 2225 ENG undefined
[2016-07-29 20:45:48.819] [INFO] app - Server started on port 8080
[2016-07-29 20:45:48.834] [INFO] app - Updating ratings.
[2016-07-29 20:47:30.102] [TRACE] app - Player Updated Webb, Matthew D 2225 ENG undefined
[2016-07-29 20:47:30.133] [INFO] app - [Error: ReferenceError: p is not defined]
Error: ReferenceError: p is not defined
    at BigXmlReader.<anonymous> (C:\projects\fide-firebase\modules\firebase.service.js:101:33)
    at emitOne (events.js:77:13)
    at BigXmlReader.emit (events.js:169:7)
    at null.<anonymous> (C:\projects\fide-firebase\node_modules\big-xml\lib\big-xml.js:91:12)
    at emitOne (events.js:77:13)
    at emit (events.js:169:7)
    at Parser.parse (C:\projects\fide-firebase\node_modules\big-xml\node_modules\node-expat\lib\node-expat.js:23:22)
    at ReadStream.<anonymous> (C:\projects\fide-firebase\node_modules\big-xml\lib\big-xml.js:27:12)
    at emitOne (events.js:77:13)
    at ReadStream.emit (events.js:169:7)
[2016-07-29 20:48:48.772] [INFO] app - Server started on port 8080
[2016-07-29 20:48:48.781] [INFO] app - Updating ratings.
[2016-07-29 20:49:37.559] [TRACE] app - Player Updated Webb, Matthew D 2225 ENG U {
  w: 
   qf {
     app: 
      { i: [Object],
        j: false,
        b: [Object],
        s: {},
        f: '[DEFAULT]',
        v: [Object],
        auth: [Function: bound ],
        database: [Function: bound ],
        INTERNAL: [Object] },
     M: 
      cc {
        host: 'mychessrating.firebaseio.com',
        domain: 'firebaseio.com',
        Pc: true,
        me: 'mychessrating',
        Bg: false,
        kf: '',
        ab: 's-usc1c-nss-127.firebaseio.com' },
     Wa: hc { rc: [Object] },
     Sc: null,
     da: nc { ub: [] },
     td: 1,
     Ta: 
      lh {
        id: 0,
        f: [Function],
        nd: {},
        '$': {},
        pa: [],
        Mc: 0,
        Ic: [],
        ma: true,
        Ua: 1000,
        qd: 300000,
        Fb: [Function: bound ],
        Hc: [Function: bound ],
        re: [Function: bound ],
        M: [Object],
        we: null,
        Bb: 'FHR2RNttezR3A4zlo6MQOjVZTSlqX4n4',
        Ha: [Object],
        nb: 'ya29.CjAvAwhPhWCDXTA6a-b2QTsc2tx0vjcrzur7LSfDoAL7DKSb3M_x8BUWlKqkCttP5EU',
        Rd: [Object],
        '$d': false,
        ge: 0,
        Ge: null,
        tb: null,
        Lb: true,
        Ed: {},
        sg: 2,
        Re: false,
        ie: 1469821728787,
        yc: 1469821730494 },
     va: 
      lh {
        id: 0,
        f: [Function],
        nd: {},
        '$': {},
        pa: [],
        Mc: 0,
        Ic: [],
        ma: true,
        Ua: 1000,
        qd: 300000,
        Fb: [Function: bound ],
        Hc: [Function: bound ],
        re: [Function: bound ],
        M: [Object],
        we: null,
        Bb: 'FHR2RNttezR3A4zlo6MQOjVZTSlqX4n4',
        Ha: [Object],
        nb: 'ya29.CjAvAwhPhWCDXTA6a-b2QTsc2tx0vjcrzur7LSfDoAL7DKSb3M_x8BUWlKqkCttP5EU',
        Rd: [Object],
        '$d': false,
        ge: 0,
        Ge: null,
        tb: null,
        Lb: true,
        Ed: {},
        sg: 2,
        Re: false,
        ie: 1469821728787,
        yc: 1469821730494 },
     xg: fc { xf: {}, Sc: [Object], va: [Object] },
     kc: fh { sd: '', Ga: null, A: [Object] },
     ee: bc { Hd: [Object] },
     md: Ah { wa: [Object], jb: [Object], Ae: {}, gc: {}, Ac: [Object] },
     ja: Nc { B: null, k: null },
     Za: pf { ta: [Circular], ba: [Object], INTERNAL: [Object] },
     bd: 0,
     fe: null,
     K: Ah { wa: [Object], jb: [Object], Ae: {}, gc: {}, Ac: [Object] } },
  path: L { o: [ 'players', '418250', 'rating' ], Z: 0 },
  n: 
   xe {
     xa: false,
     ka: false,
     Jb: false,
     na: false,
     Qb: false,
     oa: 0,
     lc: '',
     cc: null,
     yb: '',
     '$b': null,
     wb: '',
     g: se {} },
  Lc: false,
  then: undefined,
  catch: undefined }
[2016-07-29 20:49:37.700] [TRACE] app - Success Webb, Matthew D 2225 ENG
[2016-07-29 20:49:39.467] [INFO] app - test
[2016-07-29 20:57:22.863] [INFO] app - Server started on port 8080
[2016-07-29 20:57:22.876] [INFO] app - Updating ratings.
[2016-07-29 20:58:13.839] [TRACE] app - Player Updated Webb, Matthew D 2225 ENG U {
  w: 
   qf {
     app: 
      { i: [Object],
        j: false,
        b: [Object],
        s: {},
        f: '[DEFAULT]',
        v: [Object],
        auth: [Function: bound ],
        database: [Function: bound ],
        INTERNAL: [Object] },
     M: 
      cc {
        host: 'mychessrating.firebaseio.com',
        domain: 'firebaseio.com',
        Pc: true,
        me: 'mychessrating',
        Bg: false,
        kf: '',
        ab: 's-usc1c-nss-127.firebaseio.com' },
     Wa: hc { rc: [Object] },
     Sc: null,
     da: nc { ub: [] },
     td: 1,
     Ta: 
      lh {
        id: 0,
        f: [Function],
        nd: {},
        '$': {},
        pa: [],
        Mc: 0,
        Ic: [],
        ma: true,
        Ua: 1000,
        qd: 300000,
        Fb: [Function: bound ],
        Hc: [Function: bound ],
        re: [Function: bound ],
        M: [Object],
        we: null,
        Bb: 'Hg9enGwg0IWLve09LBDmNv4R7XXi2X9J',
        Ha: [Object],
        nb: 'ya29.CjAvA7nIseb4z4Wp87gcdRx1cayLLFVEqDPBr9bg0OVfWh6PIwY_FYDmdEk7zRaXYH4',
        Rd: [Object],
        '$d': false,
        ge: 0,
        Ge: null,
        tb: null,
        Lb: true,
        Ed: {},
        sg: 2,
        Re: false,
        ie: 1469822242889,
        yc: 1469822245102 },
     va: 
      lh {
        id: 0,
        f: [Function],
        nd: {},
        '$': {},
        pa: [],
        Mc: 0,
        Ic: [],
        ma: true,
        Ua: 1000,
        qd: 300000,
        Fb: [Function: bound ],
        Hc: [Function: bound ],
        re: [Function: bound ],
        M: [Object],
        we: null,
        Bb: 'Hg9enGwg0IWLve09LBDmNv4R7XXi2X9J',
        Ha: [Object],
        nb: 'ya29.CjAvA7nIseb4z4Wp87gcdRx1cayLLFVEqDPBr9bg0OVfWh6PIwY_FYDmdEk7zRaXYH4',
        Rd: [Object],
        '$d': false,
        ge: 0,
        Ge: null,
        tb: null,
        Lb: true,
        Ed: {},
        sg: 2,
        Re: false,
        ie: 1469822242889,
        yc: 1469822245102 },
     xg: fc { xf: {}, Sc: [Object], va: [Object] },
     kc: fh { sd: '', Ga: null, A: [Object] },
     ee: bc { Hd: [Object] },
     md: Ah { wa: [Object], jb: [Object], Ae: {}, gc: {}, Ac: [Object] },
     ja: Nc { B: null, k: null },
     Za: pf { ta: [Circular], ba: [Object], INTERNAL: [Object] },
     bd: 0,
     fe: null,
     K: Ah { wa: [Object], jb: [Object], Ae: {}, gc: {}, Ac: [Object] } },
  path: L { o: [ 'players', '418250', 'rating' ], Z: 0 },
  n: 
   xe {
     xa: false,
     ka: false,
     Jb: false,
     na: false,
     Qb: false,
     oa: 0,
     lc: '',
     cc: null,
     yb: '',
     '$b': null,
     wb: '',
     g: se {} },
  Lc: false,
  then: undefined,
  catch: undefined }
[2016-07-29 20:58:13.988] [TRACE] app - Success Webb, Matthew D 2225 ENG
[2016-07-29 20:58:15.690] [INFO] app - test
